0 verbose cli /usr/local/bin/node /usr/local/bin/npm
1 info using npm@8.19.1
2 info using node@v18.9.0
3 timing npm:load:whichnode Completed in 1ms
4 timing config:load:defaults Completed in 2ms
5 timing config:load:file:/usr/local/lib/node_modules/npm/npmrc Completed in 12ms
6 timing config:load:builtin Completed in 12ms
7 timing config:load:cli Completed in 3ms
8 timing config:load:env Completed in 0ms
9 timing config:load:file:/usr/home/.npmrc Completed in 0ms
10 timing config:load:project Completed in 2ms
11 timing config:load:file:/root/.npmrc Completed in 0ms
12 timing config:load:user Completed in 0ms
13 timing config:load:file:/usr/local/etc/npmrc Completed in 0ms
14 timing config:load:global Completed in 0ms
15 timing config:load:validate Completed in 0ms
16 timing config:load:credentials Completed in 21ms
17 timing config:load:setEnvs Completed in 1ms
18 timing config:load Completed in 43ms
19 timing npm:load:configload Completed in 44ms
20 timing npm:load:mkdirpcache Completed in 32ms
21 timing npm:load:mkdirplogs Completed in 1ms
22 verbose title npm run start
23 verbose argv "run" "start"
24 timing npm:load:setTitle Completed in 4ms
25 timing config:load:flatten Completed in 9ms
26 timing npm:load:display Completed in 10ms
27 verbose logfile logs-max:10 dir:/root/.npm/_logs
28 verbose logfile /root/.npm/_logs/2022-09-23T09_55_20_019Z-debug-0.log
29 timing npm:load:logFile Completed in 7ms
30 timing npm:load:timers Completed in 0ms
31 timing npm:load:configScope Completed in 0ms
32 timing npm:load Completed in 101ms
33 silly logfile done cleaning log files
34 timing command:run Completed in 22ms
35 verbose stack Error: ENOENT: no such file or directory, open '/usr/home/package.json'
36 verbose cwd /usr/home
37 verbose Linux 5.3.0-28-generic
38 verbose node v18.9.0
39 verbose npm  v8.19.1
40 error code ENOENT
41 error syscall open
42 error path /usr/home/package.json
43 error errno -2
44 error enoent ENOENT: no such file or directory, open '/usr/home/package.json'
45 error enoent This is related to npm not being able to find a file.
45 error enoent
46 verbose exit -2
47 timing npm Completed in 188ms
48 verbose code -2
49 error A complete log of this run can be found in:
49 error     /root/.npm/_logs/2022-09-23T09_55_20_019Z-debug-0.log
